Traceback (most recent call last):
  File "C:\Users\dmtle\miniconda3\lib\site-packages\jupyter_cache\executors\utils.py", line 51, in single_nb_execution
    executenb(
  File "C:\Users\dmtle\miniconda3\lib\site-packages\nbclient\client.py", line 1204, in execute
    return NotebookClient(nb=nb, resources=resources, km=km, **kwargs).execute()
  File "C:\Users\dmtle\miniconda3\lib\site-packages\nbclient\util.py", line 84, in wrapped
    return just_run(coro(*args, **kwargs))
  File "C:\Users\dmtle\miniconda3\lib\site-packages\nbclient\util.py", line 62, in just_run
    return loop.run_until_complete(coro)
  File "C:\Users\dmtle\miniconda3\lib\asyncio\base_events.py", line 647, in run_until_complete
    return future.result()
  File "C:\Users\dmtle\miniconda3\lib\site-packages\nbclient\client.py", line 663, in async_execute
    await self.async_execute_cell(
  File "C:\Users\dmtle\miniconda3\lib\site-packages\nbclient\client.py", line 965, in async_execute_cell
    await self._check_raise_for_error(cell, cell_index, exec_reply)
  File "C:\Users\dmtle\miniconda3\lib\site-packages\nbclient\client.py", line 862, in _check_raise_for_error
    raise CellExecutionError.from_cell_and_msg(cell, exec_reply_content)
nbclient.exceptions.CellExecutionError: An error occurred while executing the following cell:
------------------
# mantissa is in [0.5, 1] range except for 0
mantissa, exponent = torch.frexp(x)  

# scaling to a range [0, 2^M] so rounding to the
# nearest integer will produce 2^M values per exponent
scale_factor = 2**(M + 1)
scaled_mantissa = scale_factor * (mantissa - 0.5)

# quantization is done here
int_mantissa = torch.round(scaled_mantissa)

# scaling back
quantized_mantissa = int_mantissa / scale_factor + 0.5
x_quantized = torch.ldexp(quantized_mantissa, exponent)
------------------

[1;31m---------------------------------------------------------------------------[0m
[1;31mTypeError[0m                                 Traceback (most recent call last)
Cell [1;32mIn [7], line 2[0m
[0;32m      1[0m [38;5;66;03m# mantissa is in [0.5, 1] range except for 0[39;00m
[1;32m----> 2[0m mantissa, exponent [38;5;241m=[39m [43mtorch[49m[38;5;241;43m.[39;49m[43mfrexp[49m[43m([49m[43mx[49m[43m)[49m  
[0;32m      4[0m [38;5;66;03m# scaling to a range [0, 2^M] so rounding to the[39;00m
[0;32m      5[0m [38;5;66;03m# nearest integer will produce 2^M values per exponent[39;00m
[0;32m      6[0m scale_factor [38;5;241m=[39m [38;5;241m2[39m[38;5;241m*[39m[38;5;241m*[39m(M [38;5;241m+[39m [38;5;241m1[39m)

[1;31mTypeError[0m: frexp(): argument 'input' (position 1) must be Tensor, not list
TypeError: frexp(): argument 'input' (position 1) must be Tensor, not list

